<?xml version="1.0" encoding="UTF-8"?>
<testsuite xmlns:xsi="http://www.w3.org/2001/XMLSchema-instance" xsi:noNamespaceSchemaLocation="https://maven.apache.org/surefire/maven-surefire-plugin/xsd/surefire-test-report-3.0.xsd" version="3.0" name="br.com.breno.RestWithSpringBootAndKotlinStudyApplicationTests" time="8.33" tests="1" errors="0" skipped="0" failures="0">
  <properties>
    <property name="java.specification.version" value="17"/>
    <property name="sun.jnu.encoding" value="UTF-8"/>
    <property name="java.class.path" value="/home/brenosiqueira/dev/workspaces/aulas/rest-with-spring-boot-and-kotlin-study/target/test-classes:/home/brenosiqueira/dev/workspaces/aulas/rest-with-spring-boot-and-kotlin-study/target/classes:/home/brenosiqueira/.m2/repository/org/springframework/boot/spring-boot-starter-web/3.1.1/spring-boot-starter-web-3.1.1.jar:/home/brenosiqueira/.m2/repository/org/springframework/boot/spring-boot-starter/3.1.1/spring-boot-starter-3.1.1.jar:/home/brenosiqueira/.m2/repository/org/springframework/boot/spring-boot-starter-logging/3.1.1/spring-boot-starter-logging-3.1.1.jar:/home/brenosiqueira/.m2/repository/ch/qos/logback/logback-classic/1.4.8/logback-classic-1.4.8.jar:/home/brenosiqueira/.m2/repository/ch/qos/logback/logback-core/1.4.8/logback-core-1.4.8.jar:/home/brenosiqueira/.m2/repository/org/apache/logging/log4j/log4j-to-slf4j/2.20.0/log4j-to-slf4j-2.20.0.jar:/home/brenosiqueira/.m2/repository/org/apache/logging/log4j/log4j-api/2.20.0/log4j-api-2.20.0.jar:/home/brenosiqueira/.m2/repository/org/slf4j/jul-to-slf4j/2.0.7/jul-to-slf4j-2.0.7.jar:/home/brenosiqueira/.m2/repository/jakarta/annotation/jakarta.annotation-api/2.1.1/jakarta.annotation-api-2.1.1.jar:/home/brenosiqueira/.m2/repository/org/yaml/snakeyaml/1.33/snakeyaml-1.33.jar:/home/brenosiqueira/.m2/repository/org/springframework/boot/spring-boot-starter-json/3.1.1/spring-boot-starter-json-3.1.1.jar:/home/brenosiqueira/.m2/repository/com/fasterxml/jackson/datatype/jackson-datatype-jdk8/2.15.2/jackson-datatype-jdk8-2.15.2.jar:/home/brenosiqueira/.m2/repository/com/fasterxml/jackson/datatype/jackson-datatype-jsr310/2.15.2/jackson-datatype-jsr310-2.15.2.jar:/home/brenosiqueira/.m2/repository/com/fasterxml/jackson/module/jackson-module-parameter-names/2.15.2/jackson-module-parameter-names-2.15.2.jar:/home/brenosiqueira/.m2/repository/org/springframework/boot/spring-boot-starter-tomcat/3.1.1/spring-boot-starter-tomcat-3.1.1.jar:/home/brenosiqueira/.m2/repository/org/apache/tomcat/embed/tomcat-embed-core/10.1.10/tomcat-embed-core-10.1.10.jar:/home/brenosiqueira/.m2/repository/org/apache/tomcat/embed/tomcat-embed-el/10.1.10/tomcat-embed-el-10.1.10.jar:/home/brenosiqueira/.m2/repository/org/apache/tomcat/embed/tomcat-embed-websocket/10.1.10/tomcat-embed-websocket-10.1.10.jar:/home/brenosiqueira/.m2/repository/org/springframework/spring-web/6.0.10/spring-web-6.0.10.jar:/home/brenosiqueira/.m2/repository/org/springframework/spring-beans/6.0.10/spring-beans-6.0.10.jar:/home/brenosiqueira/.m2/repository/io/micrometer/micrometer-observation/1.11.1/micrometer-observation-1.11.1.jar:/home/brenosiqueira/.m2/repository/io/micrometer/micrometer-commons/1.11.1/micrometer-commons-1.11.1.jar:/home/brenosiqueira/.m2/repository/org/springframework/spring-webmvc/6.0.10/spring-webmvc-6.0.10.jar:/home/brenosiqueira/.m2/repository/org/springframework/spring-aop/6.0.10/spring-aop-6.0.10.jar:/home/brenosiqueira/.m2/repository/org/springframework/spring-context/6.0.10/spring-context-6.0.10.jar:/home/brenosiqueira/.m2/repository/org/springframework/spring-expression/6.0.10/spring-expression-6.0.10.jar:/home/brenosiqueira/.m2/repository/com/fasterxml/jackson/module/jackson-module-kotlin/2.15.2/jackson-module-kotlin-2.15.2.jar:/home/brenosiqueira/.m2/repository/com/fasterxml/jackson/core/jackson-databind/2.15.2/jackson-databind-2.15.2.jar:/home/brenosiqueira/.m2/repository/com/fasterxml/jackson/core/jackson-core/2.15.2/jackson-core-2.15.2.jar:/home/brenosiqueira/.m2/repository/com/fasterxml/jackson/core/jackson-annotations/2.15.2/jackson-annotations-2.15.2.jar:/home/brenosiqueira/.m2/repository/org/jetbrains/kotlin/kotlin-reflect/1.8.22/kotlin-reflect-1.8.22.jar:/home/brenosiqueira/.m2/repository/org/jetbrains/kotlin/kotlin-stdlib/1.8.22/kotlin-stdlib-1.8.22.jar:/home/brenosiqueira/.m2/repository/org/jetbrains/kotlin/kotlin-stdlib-common/1.8.22/kotlin-stdlib-common-1.8.22.jar:/home/brenosiqueira/.m2/repository/org/jetbrains/annotations/13.0/annotations-13.0.jar:/home/brenosiqueira/.m2/repository/org/springframework/boot/spring-boot-devtools/3.1.1/spring-boot-devtools-3.1.1.jar:/home/brenosiqueira/.m2/repository/org/springframework/boot/spring-boot/3.1.1/spring-boot-3.1.1.jar:/home/brenosiqueira/.m2/repository/org/springframework/boot/spring-boot-autoconfigure/3.1.1/spring-boot-autoconfigure-3.1.1.jar:/home/brenosiqueira/.m2/repository/org/springframework/boot/spring-boot-starter-test/3.1.1/spring-boot-starter-test-3.1.1.jar:/home/brenosiqueira/.m2/repository/org/springframework/boot/spring-boot-test/3.1.1/spring-boot-test-3.1.1.jar:/home/brenosiqueira/.m2/repository/org/springframework/boot/spring-boot-test-autoconfigure/3.1.1/spring-boot-test-autoconfigure-3.1.1.jar:/home/brenosiqueira/.m2/repository/com/jayway/jsonpath/json-path/2.8.0/json-path-2.8.0.jar:/home/brenosiqueira/.m2/repository/org/slf4j/slf4j-api/2.0.7/slf4j-api-2.0.7.jar:/home/brenosiqueira/.m2/repository/jakarta/xml/bind/jakarta.xml.bind-api/4.0.0/jakarta.xml.bind-api-4.0.0.jar:/home/brenosiqueira/.m2/repository/jakarta/activation/jakarta.activation-api/2.1.2/jakarta.activation-api-2.1.2.jar:/home/brenosiqueira/.m2/repository/net/minidev/json-smart/2.4.11/json-smart-2.4.11.jar:/home/brenosiqueira/.m2/repository/net/minidev/accessors-smart/2.4.11/accessors-smart-2.4.11.jar:/home/brenosiqueira/.m2/repository/org/ow2/asm/asm/9.3/asm-9.3.jar:/home/brenosiqueira/.m2/repository/org/assertj/assertj-core/3.24.2/assertj-core-3.24.2.jar:/home/brenosiqueira/.m2/repository/net/bytebuddy/byte-buddy/1.14.5/byte-buddy-1.14.5.jar:/home/brenosiqueira/.m2/repository/org/hamcrest/hamcrest/2.2/hamcrest-2.2.jar:/home/brenosiqueira/.m2/repository/org/junit/jupiter/junit-jupiter/5.9.3/junit-jupiter-5.9.3.jar:/home/brenosiqueira/.m2/repository/org/junit/jupiter/junit-jupiter-api/5.9.3/junit-jupiter-api-5.9.3.jar:/home/brenosiqueira/.m2/repository/org/opentest4j/opentest4j/1.2.0/opentest4j-1.2.0.jar:/home/brenosiqueira/.m2/repository/org/junit/platform/junit-platform-commons/1.9.3/junit-platform-commons-1.9.3.jar:/home/brenosiqueira/.m2/repository/org/apiguardian/apiguardian-api/1.1.2/apiguardian-api-1.1.2.jar:/home/brenosiqueira/.m2/repository/org/junit/jupiter/junit-jupiter-params/5.9.3/junit-jupiter-params-5.9.3.jar:/home/brenosiqueira/.m2/repository/org/junit/jupiter/junit-jupiter-engine/5.9.3/junit-jupiter-engine-5.9.3.jar:/home/brenosiqueira/.m2/repository/org/junit/platform/junit-platform-engine/1.9.3/junit-platform-engine-1.9.3.jar:/home/brenosiqueira/.m2/repository/org/mockito/mockito-core/5.3.1/mockito-core-5.3.1.jar:/home/brenosiqueira/.m2/repository/net/bytebuddy/byte-buddy-agent/1.14.5/byte-buddy-agent-1.14.5.jar:/home/brenosiqueira/.m2/repository/org/objenesis/objenesis/3.3/objenesis-3.3.jar:/home/brenosiqueira/.m2/repository/org/mockito/mockito-junit-jupiter/5.3.1/mockito-junit-jupiter-5.3.1.jar:/home/brenosiqueira/.m2/repository/org/skyscreamer/jsonassert/1.5.1/jsonassert-1.5.1.jar:/home/brenosiqueira/.m2/repository/com/vaadin/external/google/android-json/0.0.20131108.vaadin1/android-json-0.0.20131108.vaadin1.jar:/home/brenosiqueira/.m2/repository/org/springframework/spring-core/6.0.10/spring-core-6.0.10.jar:/home/brenosiqueira/.m2/repository/org/springframework/spring-jcl/6.0.10/spring-jcl-6.0.10.jar:/home/brenosiqueira/.m2/repository/org/springframework/spring-test/6.0.10/spring-test-6.0.10.jar:/home/brenosiqueira/.m2/repository/org/xmlunit/xmlunit-core/2.9.1/xmlunit-core-2.9.1.jar:"/>
    <property name="java.vm.vendor" value="Oracle Corporation"/>
    <property name="sun.arch.data.model" value="64"/>
    <property name="java.vendor.url" value="https://java.oracle.com/"/>
    <property name="user.timezone" value="America/Sao_Paulo"/>
    <property name="os.name" value="Linux"/>
    <property name="java.vm.specification.version" value="17"/>
    <property name="sun.java.launcher" value="SUN_STANDARD"/>
    <property name="user.country" value="BR"/>
    <property name="sun.boot.library.path" value="/home/brenosiqueira/dev/jdk-17.0.7/lib"/>
    <property name="sun.java.command" value="/home/brenosiqueira/dev/workspaces/aulas/rest-with-spring-boot-and-kotlin-study/target/surefire/surefirebooter-20230628183639960_3.jar /home/brenosiqueira/dev/workspaces/aulas/rest-with-spring-boot-and-kotlin-study/target/surefire 2023-06-28T18-36-37_418-jvmRun1 surefire-20230628183639960_1tmp surefire_0-20230628183639960_2tmp"/>
    <property name="jdk.debug" value="release"/>
    <property name="surefire.test.class.path" value="/home/brenosiqueira/dev/workspaces/aulas/rest-with-spring-boot-and-kotlin-study/target/test-classes:/home/brenosiqueira/dev/workspaces/aulas/rest-with-spring-boot-and-kotlin-study/target/classes:/home/brenosiqueira/.m2/repository/org/springframework/boot/spring-boot-starter-web/3.1.1/spring-boot-starter-web-3.1.1.jar:/home/brenosiqueira/.m2/repository/org/springframework/boot/spring-boot-starter/3.1.1/spring-boot-starter-3.1.1.jar:/home/brenosiqueira/.m2/repository/org/springframework/boot/spring-boot-starter-logging/3.1.1/spring-boot-starter-logging-3.1.1.jar:/home/brenosiqueira/.m2/repository/ch/qos/logback/logback-classic/1.4.8/logback-classic-1.4.8.jar:/home/brenosiqueira/.m2/repository/ch/qos/logback/logback-core/1.4.8/logback-core-1.4.8.jar:/home/brenosiqueira/.m2/repository/org/apache/logging/log4j/log4j-to-slf4j/2.20.0/log4j-to-slf4j-2.20.0.jar:/home/brenosiqueira/.m2/repository/org/apache/logging/log4j/log4j-api/2.20.0/log4j-api-2.20.0.jar:/home/brenosiqueira/.m2/repository/org/slf4j/jul-to-slf4j/2.0.7/jul-to-slf4j-2.0.7.jar:/home/brenosiqueira/.m2/repository/jakarta/annotation/jakarta.annotation-api/2.1.1/jakarta.annotation-api-2.1.1.jar:/home/brenosiqueira/.m2/repository/org/yaml/snakeyaml/1.33/snakeyaml-1.33.jar:/home/brenosiqueira/.m2/repository/org/springframework/boot/spring-boot-starter-json/3.1.1/spring-boot-starter-json-3.1.1.jar:/home/brenosiqueira/.m2/repository/com/fasterxml/jackson/datatype/jackson-datatype-jdk8/2.15.2/jackson-datatype-jdk8-2.15.2.jar:/home/brenosiqueira/.m2/repository/com/fasterxml/jackson/datatype/jackson-datatype-jsr310/2.15.2/jackson-datatype-jsr310-2.15.2.jar:/home/brenosiqueira/.m2/repository/com/fasterxml/jackson/module/jackson-module-parameter-names/2.15.2/jackson-module-parameter-names-2.15.2.jar:/home/brenosiqueira/.m2/repository/org/springframework/boot/spring-boot-starter-tomcat/3.1.1/spring-boot-starter-tomcat-3.1.1.jar:/home/brenosiqueira/.m2/repository/org/apache/tomcat/embed/tomcat-embed-core/10.1.10/tomcat-embed-core-10.1.10.jar:/home/brenosiqueira/.m2/repository/org/apache/tomcat/embed/tomcat-embed-el/10.1.10/tomcat-embed-el-10.1.10.jar:/home/brenosiqueira/.m2/repository/org/apache/tomcat/embed/tomcat-embed-websocket/10.1.10/tomcat-embed-websocket-10.1.10.jar:/home/brenosiqueira/.m2/repository/org/springframework/spring-web/6.0.10/spring-web-6.0.10.jar:/home/brenosiqueira/.m2/repository/org/springframework/spring-beans/6.0.10/spring-beans-6.0.10.jar:/home/brenosiqueira/.m2/repository/io/micrometer/micrometer-observation/1.11.1/micrometer-observation-1.11.1.jar:/home/brenosiqueira/.m2/repository/io/micrometer/micrometer-commons/1.11.1/micrometer-commons-1.11.1.jar:/home/brenosiqueira/.m2/repository/org/springframework/spring-webmvc/6.0.10/spring-webmvc-6.0.10.jar:/home/brenosiqueira/.m2/repository/org/springframework/spring-aop/6.0.10/spring-aop-6.0.10.jar:/home/brenosiqueira/.m2/repository/org/springframework/spring-context/6.0.10/spring-context-6.0.10.jar:/home/brenosiqueira/.m2/repository/org/springframework/spring-expression/6.0.10/spring-expression-6.0.10.jar:/home/brenosiqueira/.m2/repository/com/fasterxml/jackson/module/jackson-module-kotlin/2.15.2/jackson-module-kotlin-2.15.2.jar:/home/brenosiqueira/.m2/repository/com/fasterxml/jackson/core/jackson-databind/2.15.2/jackson-databind-2.15.2.jar:/home/brenosiqueira/.m2/repository/com/fasterxml/jackson/core/jackson-core/2.15.2/jackson-core-2.15.2.jar:/home/brenosiqueira/.m2/repository/com/fasterxml/jackson/core/jackson-annotations/2.15.2/jackson-annotations-2.15.2.jar:/home/brenosiqueira/.m2/repository/org/jetbrains/kotlin/kotlin-reflect/1.8.22/kotlin-reflect-1.8.22.jar:/home/brenosiqueira/.m2/repository/org/jetbrains/kotlin/kotlin-stdlib/1.8.22/kotlin-stdlib-1.8.22.jar:/home/brenosiqueira/.m2/repository/org/jetbrains/kotlin/kotlin-stdlib-common/1.8.22/kotlin-stdlib-common-1.8.22.jar:/home/brenosiqueira/.m2/repository/org/jetbrains/annotations/13.0/annotations-13.0.jar:/home/brenosiqueira/.m2/repository/org/springframework/boot/spring-boot-devtools/3.1.1/spring-boot-devtools-3.1.1.jar:/home/brenosiqueira/.m2/repository/org/springframework/boot/spring-boot/3.1.1/spring-boot-3.1.1.jar:/home/brenosiqueira/.m2/repository/org/springframework/boot/spring-boot-autoconfigure/3.1.1/spring-boot-autoconfigure-3.1.1.jar:/home/brenosiqueira/.m2/repository/org/springframework/boot/spring-boot-starter-test/3.1.1/spring-boot-starter-test-3.1.1.jar:/home/brenosiqueira/.m2/repository/org/springframework/boot/spring-boot-test/3.1.1/spring-boot-test-3.1.1.jar:/home/brenosiqueira/.m2/repository/org/springframework/boot/spring-boot-test-autoconfigure/3.1.1/spring-boot-test-autoconfigure-3.1.1.jar:/home/brenosiqueira/.m2/repository/com/jayway/jsonpath/json-path/2.8.0/json-path-2.8.0.jar:/home/brenosiqueira/.m2/repository/org/slf4j/slf4j-api/2.0.7/slf4j-api-2.0.7.jar:/home/brenosiqueira/.m2/repository/jakarta/xml/bind/jakarta.xml.bind-api/4.0.0/jakarta.xml.bind-api-4.0.0.jar:/home/brenosiqueira/.m2/repository/jakarta/activation/jakarta.activation-api/2.1.2/jakarta.activation-api-2.1.2.jar:/home/brenosiqueira/.m2/repository/net/minidev/json-smart/2.4.11/json-smart-2.4.11.jar:/home/brenosiqueira/.m2/repository/net/minidev/accessors-smart/2.4.11/accessors-smart-2.4.11.jar:/home/brenosiqueira/.m2/repository/org/ow2/asm/asm/9.3/asm-9.3.jar:/home/brenosiqueira/.m2/repository/org/assertj/assertj-core/3.24.2/assertj-core-3.24.2.jar:/home/brenosiqueira/.m2/repository/net/bytebuddy/byte-buddy/1.14.5/byte-buddy-1.14.5.jar:/home/brenosiqueira/.m2/repository/org/hamcrest/hamcrest/2.2/hamcrest-2.2.jar:/home/brenosiqueira/.m2/repository/org/junit/jupiter/junit-jupiter/5.9.3/junit-jupiter-5.9.3.jar:/home/brenosiqueira/.m2/repository/org/junit/jupiter/junit-jupiter-api/5.9.3/junit-jupiter-api-5.9.3.jar:/home/brenosiqueira/.m2/repository/org/opentest4j/opentest4j/1.2.0/opentest4j-1.2.0.jar:/home/brenosiqueira/.m2/repository/org/junit/platform/junit-platform-commons/1.9.3/junit-platform-commons-1.9.3.jar:/home/brenosiqueira/.m2/repository/org/apiguardian/apiguardian-api/1.1.2/apiguardian-api-1.1.2.jar:/home/brenosiqueira/.m2/repository/org/junit/jupiter/junit-jupiter-params/5.9.3/junit-jupiter-params-5.9.3.jar:/home/brenosiqueira/.m2/repository/org/junit/jupiter/junit-jupiter-engine/5.9.3/junit-jupiter-engine-5.9.3.jar:/home/brenosiqueira/.m2/repository/org/junit/platform/junit-platform-engine/1.9.3/junit-platform-engine-1.9.3.jar:/home/brenosiqueira/.m2/repository/org/mockito/mockito-core/5.3.1/mockito-core-5.3.1.jar:/home/brenosiqueira/.m2/repository/net/bytebuddy/byte-buddy-agent/1.14.5/byte-buddy-agent-1.14.5.jar:/home/brenosiqueira/.m2/repository/org/objenesis/objenesis/3.3/objenesis-3.3.jar:/home/brenosiqueira/.m2/repository/org/mockito/mockito-junit-jupiter/5.3.1/mockito-junit-jupiter-5.3.1.jar:/home/brenosiqueira/.m2/repository/org/skyscreamer/jsonassert/1.5.1/jsonassert-1.5.1.jar:/home/brenosiqueira/.m2/repository/com/vaadin/external/google/android-json/0.0.20131108.vaadin1/android-json-0.0.20131108.vaadin1.jar:/home/brenosiqueira/.m2/repository/org/springframework/spring-core/6.0.10/spring-core-6.0.10.jar:/home/brenosiqueira/.m2/repository/org/springframework/spring-jcl/6.0.10/spring-jcl-6.0.10.jar:/home/brenosiqueira/.m2/repository/org/springframework/spring-test/6.0.10/spring-test-6.0.10.jar:/home/brenosiqueira/.m2/repository/org/xmlunit/xmlunit-core/2.9.1/xmlunit-core-2.9.1.jar:"/>
    <property name="sun.cpu.endian" value="little"/>
    <property name="user.home" value="/home/brenosiqueira"/>
    <property name="user.language" value="pt"/>
    <property name="java.specification.vendor" value="Oracle Corporation"/>
    <property name="java.version.date" value="2023-04-18"/>
    <property name="java.home" value="/home/brenosiqueira/dev/jdk-17.0.7"/>
    <property name="file.separator" value="/"/>
    <property name="basedir" value="/home/brenosiqueira/dev/workspaces/aulas/rest-with-spring-boot-and-kotlin-study"/>
    <property name="java.vm.compressedOopsMode" value="32-bit"/>
    <property name="line.separator" value="&#10;"/>
    <property name="java.specification.name" value="Java Platform API Specification"/>
    <property name="java.vm.specification.vendor" value="Oracle Corporation"/>
    <property name="FILE_LOG_CHARSET" value="UTF-8"/>
    <property name="java.awt.headless" value="true"/>
    <property name="surefire.real.class.path" value="/home/brenosiqueira/dev/workspaces/aulas/rest-with-spring-boot-and-kotlin-study/target/surefire/surefirebooter-20230628183639960_3.jar"/>
    <property name="sun.management.compiler" value="HotSpot 64-Bit Tiered Compilers"/>
    <property name="java.runtime.version" value="17.0.7+8-LTS-224"/>
    <property name="user.name" value="brenosiqueira"/>
    <property name="path.separator" value=":"/>
    <property name="os.version" value="5.4.0-152-generic"/>
    <property name="java.runtime.name" value="Java(TM) SE Runtime Environment"/>
    <property name="file.encoding" value="UTF-8"/>
    <property name="java.vm.name" value="Java HotSpot(TM) 64-Bit Server VM"/>
    <property name="localRepository" value="/home/brenosiqueira/.m2/repository"/>
    <property name="java.vendor.url.bug" value="https://bugreport.java.com/bugreport/"/>
    <property name="java.io.tmpdir" value="/tmp"/>
    <property name="java.version" value="17.0.7"/>
    <property name="user.dir" value="/home/brenosiqueira/dev/workspaces/aulas/rest-with-spring-boot-and-kotlin-study"/>
    <property name="os.arch" value="amd64"/>
    <property name="java.vm.specification.name" value="Java Virtual Machine Specification"/>
    <property name="PID" value="70308"/>
    <property name="CONSOLE_LOG_CHARSET" value="UTF-8"/>
    <property name="native.encoding" value="UTF-8"/>
    <property name="java.library.path" value="/usr/java/packages/lib:/usr/lib64:/lib64:/lib:/usr/lib"/>
    <property name="java.vm.info" value="mixed mode, sharing"/>
    <property name="java.vendor" value="Oracle Corporation"/>
    <property name="java.vm.version" value="17.0.7+8-LTS-224"/>
    <property name="sun.io.unicode.encoding" value="UnicodeLittle"/>
    <property name="java.class.version" value="61.0"/>
  </properties>
  <testcase name="contextLoads" classname="br.com.breno.RestWithSpringBootAndKotlinStudyApplicationTests" time="1.465">
    <system-out><![CDATA[18:36:41.621 [main] INFO org.springframework.test.context.support.AnnotationConfigContextLoaderUtils -- Could not detect default configuration classes for test class [br.com.breno.RestWithSpringBootAndKotlinStudyApplicationTests]: RestWithSpringBootAndKotlinStudyApplicationTests does not declare any static, non-private, non-final, nested classes annotated with @Configuration.
18:36:41.982 [main] INFO org.springframework.boot.test.context.SpringBootTestContextBootstrapper -- Found @SpringBootConfiguration br.com.breno.RestWithSpringBootAndKotlinStudyApplication for test class br.com.breno.RestWithSpringBootAndKotlinStudyApplicationTests

  .   ____          _            __ _ _
 /\\ / ___'_ __ _ _(_)_ __  __ _ \ \ \ \
( ( )\___ | '_ | '_| | '_ \/ _` | \ \ \ \
 \\/  ___)| |_)| | | | | || (_| |  ) ) ) )
  '  |____| .__|_| |_|_| |_\__, | / / / /
 =========|_|==============|___/=/_/_/_/
 :: Spring Boot ::                (v3.1.1)

2023-06-28T18:36:42.899-03:00  INFO 70308 --- [           main] SpringBootAndKotlinStudyApplicationTests : Starting RestWithSpringBootAndKotlinStudyApplicationTests using Java 17.0.7 with PID 70308 (started by brenosiqueira in /home/brenosiqueira/dev/workspaces/aulas/rest-with-spring-boot-and-kotlin-study)
2023-06-28T18:36:42.909-03:00  INFO 70308 --- [           main] SpringBootAndKotlinStudyApplicationTests : No active profile set, falling back to 1 default profile: "default"
2023-06-28T18:36:48.061-03:00  INFO 70308 --- [           main] SpringBootAndKotlinStudyApplicationTests : Started RestWithSpringBootAndKotlinStudyApplicationTests in 5.652 seconds (process running for 7.988)
]]></system-out>
  </testcase>
</testsuite>